c:\users\jungseonguk\documents\카카오톡 받은 파일\0410 파이리\0410 주현 + 성욱 기차엔딩 추가\engine\default\x64\debug\vc140.pdb
c:\users\jungseonguk\documents\카카오톡 받은 파일\0410 파이리\0410 주현 + 성욱 기차엔딩 추가\engine\default\x64\debug\vc140.idb
c:\users\jungseonguk\documents\카카오톡 받은 파일\0410 파이리\0410 주현 + 성욱 기차엔딩 추가\engine\default\x64\debug\gameinstance.obj
c:\users\jungseonguk\documents\카카오톡 받은 파일\0410 파이리\0410 주현 + 성욱 기차엔딩 추가\engine\default\x64\debug\gameobject.obj
c:\users\jungseonguk\documents\카카오톡 받은 파일\0410 파이리\0410 주현 + 성욱 기차엔딩 추가\engine\default\x64\debug\graphic_device.obj
c:\users\jungseonguk\documents\카카오톡 받은 파일\0410 파이리\0410 주현 + 성욱 기차엔딩 추가\engine\default\x64\debug\input_device.obj
c:\users\jungseonguk\documents\카카오톡 받은 파일\0410 파이리\0410 주현 + 성욱 기차엔딩 추가\engine\default\x64\debug\layer.obj
c:\users\jungseonguk\documents\카카오톡 받은 파일\0410 파이리\0410 주현 + 성욱 기차엔딩 추가\engine\default\x64\debug\level.obj
c:\users\jungseonguk\documents\카카오톡 받은 파일\0410 파이리\0410 주현 + 성욱 기차엔딩 추가\engine\default\x64\debug\level_manager.obj
c:\users\jungseonguk\documents\카카오톡 받은 파일\0410 파이리\0410 주현 + 성욱 기차엔딩 추가\engine\default\x64\debug\object_manager.obj
c:\users\jungseonguk\documents\카카오톡 받은 파일\0410 파이리\0410 주현 + 성욱 기차엔딩 추가\engine\default\x64\debug\pick_manager.obj
c:\users\jungseonguk\documents\카카오톡 받은 파일\0410 파이리\0410 주현 + 성욱 기차엔딩 추가\engine\default\x64\debug\renderer.obj
c:\users\jungseonguk\documents\카카오톡 받은 파일\0410 파이리\0410 주현 + 성욱 기차엔딩 추가\engine\default\x64\debug\texture.obj
c:\users\jungseonguk\documents\카카오톡 받은 파일\0410 파이리\0410 주현 + 성욱 기차엔딩 추가\engine\default\x64\debug\timer.obj
c:\users\jungseonguk\documents\카카오톡 받은 파일\0410 파이리\0410 주현 + 성욱 기차엔딩 추가\engine\default\x64\debug\timer_manager.obj
c:\users\jungseonguk\documents\카카오톡 받은 파일\0410 파이리\0410 주현 + 성욱 기차엔딩 추가\engine\default\x64\debug\transform.obj
c:\users\jungseonguk\documents\카카오톡 받은 파일\0410 파이리\0410 주현 + 성욱 기차엔딩 추가\engine\default\x64\debug\vibuffer.obj
c:\users\jungseonguk\documents\카카오톡 받은 파일\0410 파이리\0410 주현 + 성욱 기차엔딩 추가\engine\default\x64\debug\vibufferui.obj
c:\users\jungseonguk\documents\카카오톡 받은 파일\0410 파이리\0410 주현 + 성욱 기차엔딩 추가\engine\default\x64\debug\vibuffer_cube.obj
c:\users\jungseonguk\documents\카카오톡 받은 파일\0410 파이리\0410 주현 + 성욱 기차엔딩 추가\engine\default\x64\debug\vibuffer_object.obj
c:\users\jungseonguk\documents\카카오톡 받은 파일\0410 파이리\0410 주현 + 성욱 기차엔딩 추가\engine\default\x64\debug\vibuffer_rect.obj
c:\users\jungseonguk\documents\카카오톡 받은 파일\0410 파이리\0410 주현 + 성욱 기차엔딩 추가\engine\default\x64\debug\vibuffer_terrain.obj
c:\users\jungseonguk\documents\카카오톡 받은 파일\0410 파이리\0410 주현 + 성욱 기차엔딩 추가\engine\default\x64\debug\animation.obj
c:\users\jungseonguk\documents\카카오톡 받은 파일\0410 파이리\0410 주현 + 성욱 기차엔딩 추가\engine\default\x64\debug\base.obj
c:\users\jungseonguk\documents\카카오톡 받은 파일\0410 파이리\0410 주현 + 성욱 기차엔딩 추가\engine\default\x64\debug\camera.obj
c:\users\jungseonguk\documents\카카오톡 받은 파일\0410 파이리\0410 주현 + 성욱 기차엔딩 추가\engine\default\x64\debug\collider.obj
c:\users\jungseonguk\documents\카카오톡 받은 파일\0410 파이리\0410 주현 + 성욱 기차엔딩 추가\engine\default\x64\debug\collision_manager.obj
c:\users\jungseonguk\documents\카카오톡 받은 파일\0410 파이리\0410 주현 + 성욱 기차엔딩 추가\engine\default\x64\debug\component.obj
c:\users\jungseonguk\documents\카카오톡 받은 파일\0410 파이리\0410 주현 + 성욱 기차엔딩 추가\engine\default\x64\debug\component_manager.obj
c:\users\jungseonguk\documents\카카오톡 받은 파일\0410 파이리\0410 주현 + 성욱 기차엔딩 추가\engine\default\x64\debug\frustum_manager.obj
c:\users\jungseonguk\documents\카카오톡 받은 파일\0410 파이리\0410 주현 + 성욱 기차엔딩 추가\engine\bin\engine.lib
c:\users\jungseonguk\documents\카카오톡 받은 파일\0410 파이리\0410 주현 + 성욱 기차엔딩 추가\engine\bin\engine.exp
c:\users\jungseonguk\documents\카카오톡 받은 파일\0410 파이리\0410 주현 + 성욱 기차엔딩 추가\engine\bin\engine.ilk
c:\users\jungseonguk\documents\카카오톡 받은 파일\0410 파이리\0410 주현 + 성욱 기차엔딩 추가\engine\bin\engine.dll
c:\users\jungseonguk\documents\카카오톡 받은 파일\0410 파이리\0410 주현 + 성욱 기차엔딩 추가\engine\bin\engine.pdb
c:\users\예현우\documents\카카오톡 받은 파일\0410 주현 + 성욱 기차엔딩 추가\engine\default\x64\debug\animation.obj
c:\users\예현우\documents\카카오톡 받은 파일\0410 주현 + 성욱 기차엔딩 추가\engine\default\x64\debug\base.obj
c:\users\예현우\documents\카카오톡 받은 파일\0410 주현 + 성욱 기차엔딩 추가\engine\default\x64\debug\camera.obj
c:\users\예현우\documents\카카오톡 받은 파일\0410 주현 + 성욱 기차엔딩 추가\engine\default\x64\debug\collider.obj
c:\users\예현우\documents\카카오톡 받은 파일\0410 주현 + 성욱 기차엔딩 추가\engine\default\x64\debug\collision_manager.obj
c:\users\예현우\documents\카카오톡 받은 파일\0410 주현 + 성욱 기차엔딩 추가\engine\default\x64\debug\component.obj
c:\users\예현우\documents\카카오톡 받은 파일\0410 주현 + 성욱 기차엔딩 추가\engine\default\x64\debug\component_manager.obj
c:\users\예현우\documents\카카오톡 받은 파일\0410 주현 + 성욱 기차엔딩 추가\engine\default\x64\debug\frustum_manager.obj
c:\users\예현우\documents\카카오톡 받은 파일\0410 주현 + 성욱 기차엔딩 추가\engine\default\x64\debug\gameinstance.obj
c:\users\예현우\documents\카카오톡 받은 파일\0410 주현 + 성욱 기차엔딩 추가\engine\default\x64\debug\gameobject.obj
c:\users\예현우\documents\카카오톡 받은 파일\0410 주현 + 성욱 기차엔딩 추가\engine\default\x64\debug\graphic_device.obj
c:\users\예현우\documents\카카오톡 받은 파일\0410 주현 + 성욱 기차엔딩 추가\engine\default\x64\debug\input_device.obj
c:\users\예현우\documents\카카오톡 받은 파일\0410 주현 + 성욱 기차엔딩 추가\engine\default\x64\debug\layer.obj
c:\users\예현우\documents\카카오톡 받은 파일\0410 주현 + 성욱 기차엔딩 추가\engine\default\x64\debug\level.obj
c:\users\예현우\documents\카카오톡 받은 파일\0410 주현 + 성욱 기차엔딩 추가\engine\default\x64\debug\level_manager.obj
c:\users\예현우\documents\카카오톡 받은 파일\0410 주현 + 성욱 기차엔딩 추가\engine\default\x64\debug\object_manager.obj
c:\users\예현우\documents\카카오톡 받은 파일\0410 주현 + 성욱 기차엔딩 추가\engine\default\x64\debug\pick_manager.obj
c:\users\예현우\documents\카카오톡 받은 파일\0410 주현 + 성욱 기차엔딩 추가\engine\default\x64\debug\renderer.obj
c:\users\예현우\documents\카카오톡 받은 파일\0410 주현 + 성욱 기차엔딩 추가\engine\default\x64\debug\texture.obj
c:\users\예현우\documents\카카오톡 받은 파일\0410 주현 + 성욱 기차엔딩 추가\engine\default\x64\debug\timer.obj
c:\users\예현우\documents\카카오톡 받은 파일\0410 주현 + 성욱 기차엔딩 추가\engine\default\x64\debug\timer_manager.obj
c:\users\예현우\documents\카카오톡 받은 파일\0410 주현 + 성욱 기차엔딩 추가\engine\default\x64\debug\transform.obj
c:\users\예현우\documents\카카오톡 받은 파일\0410 주현 + 성욱 기차엔딩 추가\engine\default\x64\debug\vibuffer.obj
c:\users\예현우\documents\카카오톡 받은 파일\0410 주현 + 성욱 기차엔딩 추가\engine\default\x64\debug\vibufferui.obj
c:\users\예현우\documents\카카오톡 받은 파일\0410 주현 + 성욱 기차엔딩 추가\engine\default\x64\debug\vibuffer_cube.obj
c:\users\예현우\documents\카카오톡 받은 파일\0410 주현 + 성욱 기차엔딩 추가\engine\default\x64\debug\vibuffer_object.obj
c:\users\예현우\documents\카카오톡 받은 파일\0410 주현 + 성욱 기차엔딩 추가\engine\default\x64\debug\vibuffer_rect.obj
c:\users\예현우\documents\카카오톡 받은 파일\0410 주현 + 성욱 기차엔딩 추가\engine\default\x64\debug\vibuffer_terrain.obj
c:\users\예현우\documents\카카오톡 받은 파일\0410 주현 + 성욱 기차엔딩 추가\engine\default\x64\debug\vc140.idb
c:\users\예현우\documents\카카오톡 받은 파일\0410 주현 + 성욱 기차엔딩 추가\engine\default\x64\debug\vc140.pdb
c:\users\예현우\documents\카카오톡 받은 파일\0410 주현 + 성욱 기차엔딩 추가\engine\default\..\bin\engine.dll
c:\users\예현우\documents\카카오톡 받은 파일\0410 주현 + 성욱 기차엔딩 추가\engine\default\x64\debug\engine.tlog\cl.command.1.tlog
c:\users\예현우\documents\카카오톡 받은 파일\0410 주현 + 성욱 기차엔딩 추가\engine\default\x64\debug\engine.tlog\cl.read.1.tlog
c:\users\예현우\documents\카카오톡 받은 파일\0410 주현 + 성욱 기차엔딩 추가\engine\default\x64\debug\engine.tlog\cl.write.1.tlog
c:\users\예현우\documents\카카오톡 받은 파일\0410 주현 + 성욱 기차엔딩 추가\engine\default\x64\debug\engine.tlog\engine.write.1u.tlog
c:\users\예현우\documents\카카오톡 받은 파일\0410 주현 + 성욱 기차엔딩 추가\engine\default\x64\debug\engine.tlog\link.command.1.tlog
c:\users\예현우\documents\카카오톡 받은 파일\0410 주현 + 성욱 기차엔딩 추가\engine\default\x64\debug\engine.tlog\link.read.1.tlog
c:\users\예현우\documents\카카오톡 받은 파일\0410 주현 + 성욱 기차엔딩 추가\engine\default\x64\debug\engine.tlog\link.write.1.tlog
